2019-04-08T16:39:34.609Z - debug: Listening on port 2000
2019-04-08T16:41:07.522Z - info: ::ffff:127.0.0.1 - GET / HTTP/1.1 200 23 - 3.502 ms

2019-04-28T14:34:11.991Z - debug: Listening on port 2000
2019-04-28T18:51:48.218Z - debug: Listening on port 2000
2019-04-29T08:11:56.006Z - debug: Listening on port 2000
2019-05-01T15:39:06.831Z - debug: Listening on port 2000
2019-05-01T15:48:43.397Z - info: ::1 - POST /check HTTP/1.1 500 2122 - 1490.203 ms

2019-05-01T15:49:49.548Z - info: ::1 - POST /check HTTP/1.1 200 117107 - 9296.996 ms

2019-05-01T15:50:32.448Z - info: ::1 - POST /check HTTP/1.1 200 108210 - 2785.493 ms

2019-05-01T15:52:35.066Z - info: ::1 - POST /check HTTP/1.1 200 117110 - 2772.941 ms

2019-05-01T16:01:07.212Z - info: ::1 - POST /check HTTP/1.1 500 2122 - 609.322 ms

2019-05-01T16:02:08.129Z - info: ::1 - POST /check HTTP/1.1 200 117107 - 2384.919 ms

2019-05-01T16:04:17.653Z - info: ::1 - POST /check HTTP/1.1 200 117109 - 2923.233 ms

2019-05-01T16:13:08.736Z - info: ::1 - POST /check HTTP/1.1 500 2122 - 558.235 ms

2019-05-01T16:13:29.383Z - info: ::1 - POST /check HTTP/1.1 500 2122 - 549.640 ms

2019-05-01T16:39:17.644Z - info: ::1 - POST /check HTTP/1.1 200 117109 - 9238.420 ms

2019-05-01T17:00:55.113Z - info: ::1 - POST /check HTTP/1.1 - - - - ms

2019-05-01T17:01:10.128Z - info: ::1 - POST /check HTTP/1.1 200 132080 - 4198.852 ms

2019-05-01T18:01:49.101Z - debug: Listening on port 2000
2019-05-01T18:02:09.169Z - info: ::1 - POST /check HTTP/1.1 200 117109 - 9103.325 ms

2019-05-01T18:08:14.333Z - info: ::1 - POST /check HTTP/1.1 200 108210 - 2420.966 ms

2019-05-01T18:14:58.415Z - info: ::1 - POST /check HTTP/1.1 500 2122 - 536.186 ms

2019-05-01T18:16:20.607Z - info: ::1 - POST /check HTTP/1.1 200 117109 - 10001.216 ms

2019-05-01T18:17:22.259Z - info: ::1 - POST /check HTTP/1.1 200 117109 - 2078.139 ms

2019-05-01T18:19:04.809Z - info: ::1 - POST /check HTTP/1.1 200 108210 - 2293.944 ms

2019-05-01T18:22:05.524Z - info: ::1 - POST /check HTTP/1.1 200 117106 - 2151.592 ms

2019-05-01T18:34:25.966Z - info: ::1 - POST /check HTTP/1.1 200 117109 - 9417.616 ms

2019-05-01T18:34:27.633Z - info: ::1 - POST /check HTTP/1.1 200 117093 - 2256.554 ms

2019-05-01T18:35:30.864Z - info: ::1 - POST /check HTTP/1.1 200 117110 - 2513.080 ms

2019-05-01T19:01:34.733Z - info: ::1 - POST /check HTTP/1.1 200 117109 - 9123.196 ms

2019-05-01T19:03:53.808Z - info: ::1 - POST /check HTTP/1.1 200 108210 - 2231.467 ms

2019-05-01T19:15:30.236Z - info: ::1 - POST /check HTTP/1.1 200 117107 - 9521.907 ms

2019-05-01T19:16:55.088Z - info: ::1 - POST /check HTTP/1.1 200 117109 - 2145.052 ms

2019-05-01T19:18:26.957Z - info: ::1 - POST /check HTTP/1.1 200 117109 - 2219.377 ms

2019-05-01T19:20:03.593Z - info: ::1 - POST /check HTTP/1.1 200 108380 - 1851.245 ms

2019-05-01T19:21:50.911Z - info: ::1 - POST /check HTTP/1.1 200 117109 - 2205.713 ms

2019-05-01T19:23:14.902Z - info: ::1 - POST /check HTTP/1.1 200 117109 - 2239.394 ms

2019-05-01T19:24:20.908Z - info: ::1 - POST /check HTTP/1.1 200 117106 - 2571.682 ms

2019-05-01T19:26:25.481Z - info: ::1 - POST /check HTTP/1.1 200 117109 - 2825.990 ms

2019-05-01T19:32:50.209Z - info: ::1 - POST /check HTTP/1.1 200 117109 - 2184.518 ms

2019-05-01T19:36:35.538Z - info: ::1 - POST /check HTTP/1.1 200 108210 - 2130.330 ms

2019-05-01T19:38:45.174Z - info: ::1 - POST /check HTTP/1.1 200 117048 - 2044.070 ms

2019-05-01T19:53:53.971Z - info: ::1 - POST /check HTTP/1.1 200 117109 - 8993.023 ms

2019-05-01T20:00:28.734Z - info: ::1 - POST /check HTTP/1.1 200 117109 - 2205.130 ms

2019-05-01T20:07:12.447Z - info: ::1 - POST /check HTTP/1.1 200 137046 - 4852.124 ms

2019-05-01T20:07:52.376Z - info: ::1 - POST /check HTTP/1.1 200 117109 - 2128.651 ms

2019-05-01T20:09:10.831Z - info: ::1 - POST /check HTTP/1.1 200 117109 - 2255.848 ms

2019-05-01T20:10:08.115Z - info: ::1 - POST /check HTTP/1.1 200 117109 - 2026.377 ms

2019-05-01T20:14:34.850Z - info: ::1 - POST /check HTTP/1.1 200 108210 - 2065.908 ms

2019-05-01T20:17:10.199Z - info: ::1 - POST /check HTTP/1.1 200 117109 - 2205.371 ms

2019-05-01T20:18:31.723Z - info: ::1 - POST /check HTTP/1.1 200 117109 - 2057.748 ms

2019-05-01T20:24:32.619Z - info: ::1 - POST /check HTTP/1.1 200 117109 - 2296.110 ms

2019-05-01T20:27:13.650Z - info: ::1 - POST /check HTTP/1.1 200 117109 - 2240.800 ms

2019-05-01T20:31:11.137Z - info: ::1 - POST /check HTTP/1.1 200 117109 - 2357.865 ms

2019-05-01T20:46:05.623Z - info: ::1 - POST /check HTTP/1.1 200 108208 - 9344.715 ms

2019-05-01T20:48:05.998Z - info: ::1 - POST /check HTTP/1.1 200 117210 - 2589.668 ms

2019-05-01T20:48:37.560Z - info: ::1 - POST /check HTTP/1.1 200 117109 - 2168.356 ms

2019-05-01T20:49:07.596Z - info: ::1 - POST /check HTTP/1.1 200 108208 - 2045.313 ms

2019-05-01T20:49:14.063Z - info: ::1 - POST /check HTTP/1.1 200 117109 - 2056.239 ms

2019-05-01T20:49:36.981Z - info: ::1 - POST /check HTTP/1.1 200 117109 - 2167.077 ms

2019-05-01T20:52:48.692Z - info: ::1 - POST /check HTTP/1.1 200 117109 - 2132.400 ms

2019-05-01T21:12:45.555Z - info: ::1 - POST /check HTTP/1.1 200 112230 - 9368.852 ms

2019-05-01T21:14:49.212Z - info: ::1 - POST /check HTTP/1.1 200 103331 - 2262.881 ms

2019-05-04T14:17:28.009Z - debug: Listening on port 2000
2019-05-04T14:22:37.374Z - info: ::1 - POST /check HTTP/1.1 500 2122 - 1469.956 ms

2019-05-04T14:24:31.737Z - info: ::1 - POST /check HTTP/1.1 500 2122 - 913.265 ms

2019-05-04T14:26:21.669Z - info: ::1 - POST /check HTTP/1.1 200 112233 - 9270.830 ms

2019-05-04T14:34:34.448Z - info: ::1 - POST /check HTTP/1.1 200 103334 - 2106.133 ms

2019-05-04T14:35:27.970Z - info: ::1 - POST /check HTTP/1.1 200 112172 - 2076.046 ms

2019-05-04T14:51:03.604Z - info: ::1 - POST /check HTTP/1.1 500 2122 - 643.432 ms

2019-05-04T14:51:32.190Z - info: ::1 - POST /check HTTP/1.1 200 112233 - 9150.356 ms

2019-05-04T18:47:52.182Z - info: ::1 - POST /check HTTP/1.1 200 112233 - 9799.188 ms

2019-05-04T18:49:42.410Z - info: ::1 - POST /check HTTP/1.1 200 103334 - 2244.166 ms

2019-05-04T18:58:40.092Z - info: ::1 - POST /check HTTP/1.1 200 103334 - 9572.386 ms

2019-05-04T19:01:12.340Z - info: ::1 - POST /check HTTP/1.1 200 112233 - 3478.717 ms

2019-05-04T19:12:30.749Z - info: ::1 - POST /check HTTP/1.1 200 103549 - 10812.388 ms

2019-05-04T19:22:46.576Z - info: ::1 - POST /check HTTP/1.1 200 112231 - 10106.232 ms

2019-05-06T17:21:57.706Z - debug: Listening on port 2000
2019-05-06T17:23:54.205Z - debug: Listening on port 2000
2019-05-06T17:29:40.343Z - info: ::1 - POST /check HTTP/1.1 200 112775 - 9868.321 ms

2019-05-06T17:31:25.074Z - info: ::1 - POST /check HTTP/1.1 500 2122 - 567.282 ms

2019-05-06T17:33:07.064Z - info: ::1 - POST /check HTTP/1.1 200 112775 - 2422.694 ms

2019-05-06T17:54:46.678Z - info: ::1 - POST /check HTTP/1.1 200 112773 - 9254.370 ms

2019-05-06T17:55:06.444Z - info: ::1 - POST /check HTTP/1.1 200 112775 - 2101.995 ms

2019-05-06T19:44:34.228Z - info: ::1 - POST /check HTTP/1.1 200 112775 - 9582.055 ms

2019-05-07T15:07:40.228Z - debug: Listening on port 2000
2019-05-07T15:23:23.238Z - info: ::1 - POST /check HTTP/1.1 500 973 - 1524.991 ms

2019-05-07T15:23:48.444Z - info: ::1 - POST /check HTTP/1.1 500 973 - 634.773 ms

2019-05-07T15:24:15.778Z - info: ::1 - POST /check HTTP/1.1 500 983 - 611.885 ms

2019-05-07T15:26:20.444Z - info: ::1 - POST /check HTTP/1.1 200 112775 - 2571.039 ms

2019-05-07T15:29:17.566Z - info: ::1 - POST /check HTTP/1.1 200 112775 - 2280.859 ms

2019-05-07T15:37:30.855Z - info: ::1 - POST /check HTTP/1.1 200 112775 - 5813.447 ms

2019-05-07T15:47:06.579Z - info: ::1 - POST /check HTTP/1.1 200 112775 - 2852.814 ms

2019-05-07T15:48:25.332Z - info: ::1 - POST /check HTTP/1.1 200 112775 - 2483.948 ms

2019-05-07T15:50:04.949Z - info: ::1 - POST /check HTTP/1.1 200 103549 - 1844.408 ms

2019-05-07T15:52:46.294Z - info: ::1 - POST /check HTTP/1.1 200 112775 - 2710.394 ms

2019-05-07T15:54:27.193Z - info: ::1 - POST /check HTTP/1.1 200 112775 - 2689.292 ms

2019-05-07T16:02:12.766Z - info: ::1 - POST /check HTTP/1.1 200 112876 - 6553.314 ms

2019-05-09T17:07:05.383Z - debug: Listening on port 2000
2019-05-09T17:13:29.461Z - info: ::1 - POST /check HTTP/1.1 200 108561 - 5512.973 ms

2019-05-09T17:56:40.998Z - info: ::1 - POST /check HTTP/1.1 200 118002 - 5017.490 ms

2019-05-09T17:58:17.953Z - info: ::1 - POST /check HTTP/1.1 200 118000 - 2362.415 ms

2019-05-09T18:07:09.701Z - info: ::1 - POST /check HTTP/1.1 200 117901 - 2568.956 ms

2019-05-09T18:08:29.840Z - info: ::1 - POST /check HTTP/1.1 200 117901 - 2403.661 ms

2019-05-09T18:10:31.320Z - info: ::1 - POST /check HTTP/1.1 500 2122 - 602.072 ms

2019-05-09T18:12:08.537Z - info: ::1 - POST /check HTTP/1.1 500 2122 - 580.964 ms

2019-05-09T18:14:55.596Z - info: ::1 - POST /check HTTP/1.1 500 2122 - 685.677 ms

2019-05-09T18:16:10.974Z - info: ::1 - POST /check HTTP/1.1 - - - - ms

2019-05-09T18:16:33.478Z - info: ::1 - POST /check HTTP/1.1 500 2122 - 539.858 ms

2019-05-09T18:18:11.504Z - info: ::1 - POST /check HTTP/1.1 500 2122 - 707.625 ms

2019-05-09T18:19:35.843Z - info: ::1 - POST /check HTTP/1.1 500 2122 - 592.477 ms

2019-05-09T18:24:29.187Z - info: ::1 - POST /check HTTP/1.1 500 2122 - 742.279 ms

2019-05-09T18:29:48.388Z - info: ::1 - POST /check HTTP/1.1 200 108561 - 4680.553 ms

2019-05-09T18:32:43.562Z - info: ::1 - POST /check HTTP/1.1 200 118002 - 2428.659 ms

2019-05-09T18:34:47.780Z - info: ::1 - POST /check HTTP/1.1 200 118002 - 2366.424 ms

2019-05-09T18:36:44.683Z - info: ::1 - POST /check HTTP/1.1 200 118002 - 2492.673 ms

2019-05-09T18:44:39.806Z - info: ::1 - POST /check HTTP/1.1 200 118002 - 2858.193 ms

2019-05-09T18:45:02.582Z - info: ::1 - POST /check HTTP/1.1 500 2167 - 579.553 ms

2019-05-09T18:46:33.628Z - info: ::1 - POST /check HTTP/1.1 200 117901 - 2240.574 ms

2019-05-09T18:46:55.129Z - info: ::1 - POST /check HTTP/1.1 200 118003 - 2430.521 ms

2019-05-09T18:49:02.883Z - info: ::1 - POST /check HTTP/1.1 200 117901 - 2391.082 ms

2019-05-09T18:49:23.954Z - info: ::1 - POST /check HTTP/1.1 - - - - ms

2019-05-09T18:49:34.841Z - info: ::1 - POST /check HTTP/1.1 200 118002 - 2294.248 ms

2019-05-09T19:44:29.455Z - info: ::1 - POST /check HTTP/1.1 200 118002 - 4772.442 ms

2019-05-09T19:45:09.686Z - info: ::1 - POST /check HTTP/1.1 200 118002 - 2597.751 ms

2019-05-09T19:46:42.012Z - info: ::1 - POST /check HTTP/1.1 200 117901 - 2467.297 ms

2019-05-09T20:08:54.775Z - debug: Listening on port 2000
2019-05-09T20:11:58.432Z - info: ::1 - POST /check HTTP/1.1 200 117901 - 5333.736 ms

2019-05-09T21:26:58.669Z - info: ::1 - POST /check HTTP/1.1 200 117901 - 5070.608 ms

2019-05-09T21:28:11.548Z - info: ::1 - POST /check HTTP/1.1 200 117901 - 2781.362 ms

2019-05-09T21:37:16.331Z - info: ::1 - POST /check HTTP/1.1 200 117901 - 4612.780 ms

2019-05-09T21:50:07.345Z - info: ::1 - POST /check HTTP/1.1 200 117901 - 4610.720 ms

2019-05-09T21:59:45.019Z - info: ::1 - POST /check HTTP/1.1 200 117901 - 2677.904 ms

2019-05-09T22:01:14.690Z - info: ::1 - POST /check HTTP/1.1 200 112803 - 2461.114 ms

2019-05-09T22:11:44.313Z - info: ::1 - POST /check HTTP/1.1 200 112803 - 5059.685 ms

2019-05-09T22:25:56.728Z - info: ::1 - POST /check HTTP/1.1 200 112803 - 5059.258 ms

2019-05-10T14:06:00.705Z - debug: Listening on port 2000
2019-05-10T14:07:54.130Z - info: ::1 - POST /check HTTP/1.1 200 103362 - 5444.966 ms

2019-05-10T14:27:03.157Z - info: ::1 - POST /check HTTP/1.1 200 112801 - 4688.057 ms

2019-05-10T16:37:15.258Z - info: ::1 - POST /check HTTP/1.1 200 112803 - 4713.607 ms

2019-05-10T16:46:19.976Z - info: ::1 - POST /check HTTP/1.1 200 112804 - 4948.830 ms

2019-05-10T17:18:06.305Z - info: ::1 - POST /check HTTP/1.1 200 103362 - 4694.277 ms

2019-05-10T17:24:35.094Z - info: ::1 - POST /check HTTP/1.1 200 112803 - 4712.517 ms

2019-05-10T20:03:31.263Z - info: ::1 - POST /check HTTP/1.1 200 112803 - 5771.102 ms

2019-05-11T14:59:32.151Z - debug: Listening on port 2000
2019-05-11T15:21:56.123Z - info: ::1 - GET / HTTP/1.1 200 23 - 8.190 ms

2019-05-11T15:23:04.141Z - info: ::1 - GET /reports?id=rXC352vcIJnRvo7qisIy HTTP/1.1 404 1396 - 0.797 ms

2019-05-11T15:33:16.761Z - debug: Listening on port 2000
2019-05-11T15:33:32.111Z - info: ::1 - GET /reports?id=rXC352vcIJnRvo7qisIy HTTP/1.1 404 1396 - 6.970 ms

2019-05-11T15:33:34.568Z - info: ::1 - GET /reports?id=rXC352vcIJnRvo7qisIy HTTP/1.1 404 1396 - 0.450 ms

2019-05-11T15:34:03.161Z - info: ::1 - GET /report?id=rXC352vcIJnRvo7qisIy HTTP/1.1 200 888 - 4535.386 ms

2019-05-11T15:36:07.785Z - debug: Listening on port 2000
2019-05-11T15:36:25.119Z - info: ::1 - GET /report?id=rXC352vcIJnRvo7qisIy HTTP/1.1 - - - - ms

2019-05-11T15:36:29.904Z - info: ::1 - GET /report?id=rXC352vcIJnRvo7qisIy HTTP/1.1 200 104378 - 4545.801 ms

2019-05-11T16:18:26.215Z - info: ::1 - GET /report?id=6ilIwIZWQQa58j4mfAlQ HTTP/1.1 200 103094 - 7426.364 ms

2019-05-11T16:21:58.468Z - info: ::1 - GET /report?id=6ilIwIZWQQa58j4mfAlQ HTTP/1.1 200 192235 - 3439.780 ms

2019-05-11T16:31:31.093Z - info: ::1 - GET /report?id=6ilIwIZWQQa58j4mfAlQ HTTP/1.1 200 61767 - 5666.131 ms

2019-05-11T16:33:18.056Z - info: ::1 - GET /report?id=6ilIwIZWQQa58j4mfAlQ HTTP/1.1 200 137412 - 3361.840 ms

2019-05-11T16:34:54.316Z - info: ::1 - GET /report?id=6ilIwIZWQQa58j4mfAlQ HTTP/1.1 200 136692 - 5113.786 ms

2019-05-11T16:38:30.834Z - info: ::1 - GET /report?id=6ilIwIZWQQa58j4mfAlQ HTTP/1.1 200 136692 - 4109.674 ms

2019-05-11T16:47:34.930Z - info: ::1 - GET /report?id=6ilIwIZWQQa58j4mfAlQ HTTP/1.1 200 107235 - 5629.266 ms

2019-05-11T16:48:41.431Z - info: ::1 - GET /report?id=6ilIwIZWQQa58j4mfAlQ HTTP/1.1 200 127140 - 3370.541 ms

2019-05-11T16:51:37.559Z - info: ::1 - GET /report?id=6ilIwIZWQQa58j4mfAlQ HTTP/1.1 200 127140 - 4679.483 ms

2019-05-11T17:22:43.985Z - info: ::1 - POST /check HTTP/1.1 200 112904 - 5715.697 ms

2019-05-11T17:23:25.094Z - info: ::1 - POST /check HTTP/1.1 200 112758 - 2931.594 ms

2019-05-12T08:17:50.356Z - debug: Listening on port 2000
2019-05-12T08:21:50.213Z - info: ::1 - GET /report?id=6ilIwIZWQQa58j4mfAlQ HTTP/1.1 - - - - ms

2019-05-12T08:31:08.863Z - info: ::1 - POST /check HTTP/1.1 200 116045 - 3708.616 ms

2019-05-12T09:12:58.300Z - debug: Listening on port 2000
2019-05-12T09:15:01.501Z - info: ::1 - POST /report%7D HTTP/1.1 404 1396 - 4.256 ms

2019-05-12T09:16:34.047Z - info: ::1 - POST /report%7D HTTP/1.1 404 1396 - 0.757 ms

2019-05-12T09:18:03.058Z - info: ::1 - POST /report?id=[object%20Object] HTTP/1.1 200 237268 - 6021.839 ms

2019-05-12T09:18:35.433Z - debug: Listening on port 2000
2019-05-12T09:19:03.171Z - info: ::1 - GET /report?id=[object%20Object] HTTP/1.1 200 237268 - 4850.593 ms

2019-05-12T09:21:19.276Z - info: ::1 - GET /report?id=6ilIwIZWQQa58j4mfAlQ HTTP/1.1 200 240914 - 4889.991 ms

2019-05-12T09:24:12.332Z - debug: Listening on port 2000
2019-05-12T09:24:26.223Z - info: ::1 - GET /report?id=6ilIwIZWQQa58j4mfAlQ HTTP/1.1 200 241029 - 3790.130 ms

2019-05-12T12:05:12.528Z - debug: Listening on port 2000
2019-05-12T12:06:57.553Z - info: ::1 - POST /check HTTP/1.1 500 973 - 1581.642 ms

2019-05-12T12:09:58.375Z - info: ::1 - POST /check HTTP/1.1 - - - - ms

2019-05-12T13:23:48.339Z - debug: Listening on port 2000
2019-05-12T13:37:44.650Z - info: ::1 - GET /report?id=YTHAJd8qkagniWnzif4s HTTP/1.1 - - - - ms

2019-05-12T13:38:22.793Z - info: ::1 - GET /report?id=YTHAJd8qkagniWnzif4s HTTP/1.1 200 240750 - 4567.686 ms

2019-05-12T13:43:59.403Z - info: ::1 - GET /report?id=YTHAJd8qkagniWnzif4s HTTP/1.1 200 172687 - 4296.058 ms

2019-05-12T13:45:33.842Z - info: ::1 - GET /report?id=YTHAJd8qkagniWnzif4s HTTP/1.1 200 240750 - 4313.741 ms

2019-05-12T13:59:55.619Z - info: ::1 - GET /report?id=YTHAJd8qkagniWnzif4s HTTP/1.1 200 172687 - 7504.426 ms

2019-05-12T14:00:09.688Z - info: ::1 - GET /report?id=YTHAJd8qkagniWnzif4s HTTP/1.1 200 123235 - 4014.070 ms

2019-05-12T18:05:58.172Z - debug: Listening on port 2000
